<?xml version="1.0" encoding="UTF-8"?>
<!-- Generated by org.testng.reporters.JUnitXMLReporter -->
<testsuite ignored="2" hostname="DESKTOP-O507CMC" failures="0" tests="1" name="Default test" time="44.69" errors="0" timestamp="2024-01-10T20:12:00 IST">
  <testcase classname="com.shubham.projects.AppTest.SettingsTest" name="SettingsTitleCheck" time="0.391"/>
  <testcase classname="com.shubham.projects.AppTest.SettingsTest" name="SearchTest" time="0.0">
    <ignored/>
  </testcase> <!-- SearchTest -->
  <testcase classname="com.shubham.projects.AppTest.SettingsTest" name="GoogleClickByScroll" time="0.0">
    <ignored/>
  </testcase> <!-- GoogleClickByScroll -->
</testsuite> <!-- Default test -->
