<?xml version="1.0" encoding="UTF-8"?>
<!-- Generated by org.testng.reporters.JUnitXMLReporter -->
<testsuite ignored="0" hostname="DESKTOP-O507CMC" failures="0" tests="3" name="Test" time="66.335" errors="0" timestamp="2024-01-10T19:57:47 IST">
  <testcase classname="com.shubham.projects.AppTest.SettingsTest" name="SettingsTitleCheck" time="0.291"/>
  <testcase classname="com.shubham.projects.AppTest.SettingsTest" name="SearchTest" time="11.537"/>
  <testcase classname="com.shubham.projects.AppTest.SettingsTest" name="GoogleClickByScroll" time="9.106"/>
</testsuite> <!-- Test -->
