<?xml version="1.0" encoding="UTF-8"?>
<!-- Generated by org.testng.reporters.JUnitXMLReporter -->
<testsuite ignored="0" hostname="DESKTOP-O507CMC" failures="0" tests="3" name="Test" time="66.7" errors="0" timestamp="2024-01-10T21:40:05 IST">
  <testcase classname="com.shubham.projects.AppTest.SettingsTest" name="SettingsTitleCheck" time="0.323"/>
  <testcase classname="com.shubham.projects.AppTest.SettingsTest" name="SearchTest" time="12.287"/>
  <testcase classname="com.shubham.projects.AppTest.SettingsTest" name="GoogleClickByScroll" time="8.181"/>
</testsuite> <!-- Test -->
