<?xml version="1.0" encoding="UTF-8"?>
<!-- Generated by org.testng.reporters.JUnitXMLReporter -->
<testsuite ignored="0" hostname="DESKTOP-O507CMC" failures="0" tests="3" name="Test" time="62.688" errors="0" timestamp="2024-01-10T21:49:06 IST">
  <testcase classname="com.shubham.projects.AppTest.SettingsTest" name="SettingsTitleCheck" time="0.272"/>
  <testcase classname="com.shubham.projects.AppTest.SettingsTest" name="SearchTest" time="12.204"/>
  <testcase classname="com.shubham.projects.AppTest.SettingsTest" name="GoogleClickByScroll" time="8.55"/>
</testsuite> <!-- Test -->
