<?xml version="1.0" encoding="UTF-8"?>
<testng-results ignored="0" total="3" passed="3" failed="0" skipped="0">
  <reporter-output>
  </reporter-output>
  <suite started-at="2024-01-10T21:48:03 IST" name="Suite" finished-at="2024-01-10T21:49:06 IST" duration-ms="62688">
    <groups>
    </groups>
    <test started-at="2024-01-10T21:48:03 IST" name="Test" finished-at="2024-01-10T21:49:06 IST" duration-ms="62688">
      <class name="com.shubham.projects.AppTest.SettingsTest">
        <test-method is-config="true" signature="setup()[pri:0, instance:com.shubham.projects.AppTest.SettingsTest@65987993]" started-at="2024-01-10T21:48:03 IST" name="setup" finished-at="2024-01-10T21:48:24 IST" duration-ms="20816" status="PASS">
          <reporter-output>
          </reporter-output>
        </test-method> <!-- setup -->
        <test-method is-config="true" signature="preSetup()[pri:0, instance:com.shubham.projects.AppTest.SettingsTest@65987993]" started-at="2024-01-10T21:48:24 IST" name="preSetup" finished-at="2024-01-10T21:48:26 IST" duration-ms="2251" status="PASS">
          <reporter-output>
          </reporter-output>
        </test-method> <!-- preSetup -->
        <test-method signature="SettingsTitleCheck()[pri:1, instance:com.shubham.projects.AppTest.SettingsTest@65987993]" started-at="2024-01-10T21:48:26 IST" name="SettingsTitleCheck" finished-at="2024-01-10T21:48:27 IST" duration-ms="272" status="PASS">
          <reporter-output>
          </reporter-output>
        </test-method> <!-- SettingsTitleCheck -->
        <test-method is-config="true" signature="preSetup()[pri:0, instance:com.shubham.projects.AppTest.SettingsTest@65987993]" started-at="2024-01-10T21:48:27 IST" name="preSetup" finished-at="2024-01-10T21:48:29 IST" duration-ms="2163" status="PASS">
          <reporter-output>
          </reporter-output>
        </test-method> <!-- preSetup -->
        <test-method signature="SearchTest()[pri:2, instance:com.shubham.projects.AppTest.SettingsTest@65987993]" started-at="2024-01-10T21:48:29 IST" name="SearchTest" finished-at="2024-01-10T21:48:41 IST" duration-ms="12204" status="PASS">
          <reporter-output>
          </reporter-output>
        </test-method> <!-- SearchTest -->
        <test-method is-config="true" signature="preSetup()[pri:0, instance:com.shubham.projects.AppTest.SettingsTest@65987993]" started-at="2024-01-10T21:48:41 IST" name="preSetup" finished-at="2024-01-10T21:48:43 IST" duration-ms="2280" status="PASS">
          <reporter-output>
          </reporter-output>
        </test-method> <!-- preSetup -->
        <test-method signature="GoogleClickByScroll()[pri:3, instance:com.shubham.projects.AppTest.SettingsTest@65987993]" started-at="2024-01-10T21:48:43 IST" name="GoogleClickByScroll" finished-at="2024-01-10T21:48:52 IST" duration-ms="8550" status="PASS">
          <reporter-output>
          </reporter-output>
        </test-method> <!-- GoogleClickByScroll -->
        <test-method is-config="true" signature="TearDown()[pri:0, instance:com.shubham.projects.AppTest.SettingsTest@65987993]" started-at="2024-01-10T21:48:52 IST" name="TearDown" finished-at="2024-01-10T21:49:06 IST" duration-ms="14094" status="PASS">
          <reporter-output>
          </reporter-output>
        </test-method> <!-- TearDown -->
      </class> <!-- com.shubham.projects.AppTest.SettingsTest -->
    </test> <!-- Test -->
  </suite> <!-- Suite -->
</testng-results>
