<?xml version="1.0" encoding="UTF-8"?>
<testng-results ignored="0" total="1" passed="1" failed="0" skipped="0">
  <reporter-output>
  </reporter-output>
  <suite started-at="2024-01-10T20:11:15 IST" name="Default suite" finished-at="2024-01-10T20:12:00 IST" duration-ms="44690">
    <groups>
    </groups>
    <test started-at="2024-01-10T20:11:15 IST" name="Default test" finished-at="2024-01-10T20:12:00 IST" duration-ms="44690">
      <class name="com.shubham.projects.AppTest.SettingsTest">
        <test-method is-config="true" signature="setup()[pri:0, instance:com.shubham.projects.AppTest.SettingsTest@2b71e916]" started-at="2024-01-10T20:11:15 IST" name="setup" finished-at="2024-01-10T20:11:43 IST" duration-ms="27560" status="PASS">
          <reporter-output>
          </reporter-output>
        </test-method> <!-- setup -->
        <test-method is-config="true" signature="preSetup()[pri:0, instance:com.shubham.projects.AppTest.SettingsTest@2b71e916]" started-at="2024-01-10T20:11:43 IST" name="preSetup" finished-at="2024-01-10T20:11:45 IST" duration-ms="2398" status="PASS">
          <reporter-output>
          </reporter-output>
        </test-method> <!-- preSetup -->
        <test-method signature="SettingsTitleCheck()[pri:1, instance:com.shubham.projects.AppTest.SettingsTest@2b71e916]" started-at="2024-01-10T20:11:45 IST" name="SettingsTitleCheck" finished-at="2024-01-10T20:11:46 IST" duration-ms="391" status="PASS">
          <reporter-output>
          </reporter-output>
        </test-method> <!-- SettingsTitleCheck -->
        <test-method is-config="true" signature="TearDown()[pri:0, instance:com.shubham.projects.AppTest.SettingsTest@2b71e916]" started-at="2024-01-10T20:11:46 IST" name="TearDown" finished-at="2024-01-10T20:12:00 IST" duration-ms="14282" status="PASS">
          <reporter-output>
          </reporter-output>
        </test-method> <!-- TearDown -->
      </class> <!-- com.shubham.projects.AppTest.SettingsTest -->
    </test> <!-- Default test -->
  </suite> <!-- Default suite -->
</testng-results>
