<?xml version="1.0" encoding="UTF-8"?>
<testng-results ignored="0" total="3" passed="3" failed="0" skipped="0">
  <reporter-output>
  </reporter-output>
  <suite started-at="2024-01-10T21:38:58 IST" name="Suite" finished-at="2024-01-10T21:40:05 IST" duration-ms="66700">
    <groups>
    </groups>
    <test started-at="2024-01-10T21:38:58 IST" name="Test" finished-at="2024-01-10T21:40:05 IST" duration-ms="66700">
      <class name="com.shubham.projects.AppTest.SettingsTest">
        <test-method is-config="true" signature="setup()[pri:0, instance:com.shubham.projects.AppTest.SettingsTest@3b35a229]" started-at="2024-01-10T21:38:58 IST" name="setup" finished-at="2024-01-10T21:39:23 IST" duration-ms="25054" status="PASS">
          <reporter-output>
          </reporter-output>
        </test-method> <!-- setup -->
        <test-method is-config="true" signature="preSetup()[pri:0, instance:com.shubham.projects.AppTest.SettingsTest@3b35a229]" started-at="2024-01-10T21:39:23 IST" name="preSetup" finished-at="2024-01-10T21:39:25 IST" duration-ms="2244" status="PASS">
          <reporter-output>
          </reporter-output>
        </test-method> <!-- preSetup -->
        <test-method signature="SettingsTitleCheck()[pri:1, instance:com.shubham.projects.AppTest.SettingsTest@3b35a229]" started-at="2024-01-10T21:39:25 IST" name="SettingsTitleCheck" finished-at="2024-01-10T21:39:26 IST" duration-ms="323" status="PASS">
          <reporter-output>
          </reporter-output>
        </test-method> <!-- SettingsTitleCheck -->
        <test-method is-config="true" signature="preSetup()[pri:0, instance:com.shubham.projects.AppTest.SettingsTest@3b35a229]" started-at="2024-01-10T21:39:26 IST" name="preSetup" finished-at="2024-01-10T21:39:28 IST" duration-ms="2132" status="PASS">
          <reporter-output>
          </reporter-output>
        </test-method> <!-- preSetup -->
        <test-method signature="SearchTest()[pri:2, instance:com.shubham.projects.AppTest.SettingsTest@3b35a229]" started-at="2024-01-10T21:39:28 IST" name="SearchTest" finished-at="2024-01-10T21:39:40 IST" duration-ms="12287" status="PASS">
          <reporter-output>
          </reporter-output>
        </test-method> <!-- SearchTest -->
        <test-method is-config="true" signature="preSetup()[pri:0, instance:com.shubham.projects.AppTest.SettingsTest@3b35a229]" started-at="2024-01-10T21:39:40 IST" name="preSetup" finished-at="2024-01-10T21:39:42 IST" duration-ms="2368" status="PASS">
          <reporter-output>
          </reporter-output>
        </test-method> <!-- preSetup -->
        <test-method signature="GoogleClickByScroll()[pri:3, instance:com.shubham.projects.AppTest.SettingsTest@3b35a229]" started-at="2024-01-10T21:39:42 IST" name="GoogleClickByScroll" finished-at="2024-01-10T21:39:51 IST" duration-ms="8181" status="PASS">
          <reporter-output>
          </reporter-output>
        </test-method> <!-- GoogleClickByScroll -->
        <test-method is-config="true" signature="TearDown()[pri:0, instance:com.shubham.projects.AppTest.SettingsTest@3b35a229]" started-at="2024-01-10T21:39:51 IST" name="TearDown" finished-at="2024-01-10T21:40:05 IST" duration-ms="14054" status="PASS">
          <reporter-output>
          </reporter-output>
        </test-method> <!-- TearDown -->
      </class> <!-- com.shubham.projects.AppTest.SettingsTest -->
    </test> <!-- Test -->
  </suite> <!-- Suite -->
</testng-results>
